<?xml version="1.0" encoding="UTF-8"?>
<testsuites name="jest tests" tests="9" failures="0" time="9.764">
  <testsuite name="button test" errors="0" failures="0" skipped="0" timestamp="2019-07-15T15:19:44" time="5.114" tests="1">
    <testcase classname="button test is div" name="button test is div" time="0.027">
    </testcase>
  </testsuite>
  <testsuite name="classea" errors="0" failures="0" skipped="0" timestamp="2019-07-15T15:19:44" time="5.384" tests="5">
    <testcase classname="classea 接受className" name="classea 接受className" time="0.006">
    </testcase>
    <testcase classname="classea 接受className" name="classea 接受className" time="0">
    </testcase>
    <testcase classname="classea 接受className" name="classea 接受className" time="0.001">
    </testcase>
    <testcase classname="classea 接受className" name="classea 接受className" time="0">
    </testcase>
    <testcase classname="classea 接受className" name="classea 接受className" time="0">
    </testcase>
  </testsuite>
  <testsuite name="icon test" errors="0" failures="0" skipped="0" timestamp="2019-07-15T15:19:44" time="5.659" tests="2">
    <testcase classname="icon test render successfully" name="icon test render successfully" time="0.013">
    </testcase>
    <testcase classname="icon test onClick" name="icon test onClick" time="0.044">
    </testcase>
  </testsuite>
  <testsuite name="hello" errors="0" failures="0" skipped="0" timestamp="2019-07-15T15:19:50" time="0.466" tests="1">
    <testcase classname="hello 1===1" name="hello 1===1" time="0.003">
    </testcase>
  </testsuite>
</testsuites>